input file: ./sample.yaml
  _______                __                
 /_  __(_)___ ___  ___  / /___  ____  ____ 
  / / / / __ `__ \/ _ \/ / __ \/ __ \/ __ \
 / / / / / / / / /  __/ / /_/ / /_/ / /_/ /
/_/ /_/_/ /_/ /_/\___/_/\____/\____/ .___/ 
                                  /_/      

MESSAGE: attempting to read problem shape from file: /home/zhong/code/simulators/timeloop/problem-shapes/cnn-layer.yaml
Problem configuration complete.
WARNING: bandwidth is deprecated. Assuming read_bandwidth = write_bandwidth = bandwidth/2
Architecture configuration complete.
Sparse optimization configuration complete.
Using all available hardware threads = 20
Mapper configuration complete.
WARNING: Constraint C=64 exceeds problem dimension C=1, ignoring.
user max factors are empty
Initializing Index Factorization subspace.
  Factorization options along problem dimension R = 2
  Factorization options along problem dimension S = 2
  Factorization options along problem dimension P = 10
  Factorization options along problem dimension Q = 24
  Factorization options along problem dimension C = 1
  Factorization options along problem dimension K = 1
  Factorization options along problem dimension N = 1
Initializing Loop Permutation subspace
  Loop Permutation subspace size at tiling level 0 = 1
  Loop Permutation subspace size at tiling level 1 = 1
  Loop Permutation subspace size at tiling level 2 = 1
  Loop Permutation subspace size at tiling level 3 = 1
  Loop Permutation subspace size at tiling level 4 = 5040
  Loop Permutation subspace size at tiling level 5 = 5040
Initializing Spatial subspace
  Spatial split subspace size at tiling level 1 = 8
  Spatial split subspace size at tiling level 3 = 8
Initializing Datatype Bypass Nest subspace
  Datatype Bypass subspace: double at dataspace id 0 storage level: 0
  Datatype Bypass subspace: double at dataspace id 1 storage level: 0
  Datatype Bypass subspace: double at dataspace id 2 storage level: 0
Mapspace Dimension [IndexFactorization] Size: 960
Mapspace Dimension [LoopPermutation] Size: 25401600
Mapspace Dimension [Spatial] Size: 64
Mapspace Dimension [DatatypeBypass] Size: 8
Mapspace split! Per-split Mapping Dimension [IndexFactorization] Size: 48 Residue: 0
Mapspace construction complete.
Search configuration complete.
[  0] Utilization = 0.02 | pJ/Compute =   19.723 | L3[WIO] Q480 - L2[WI] S3 R3 K16X - L1[O] N1 - L0[] P48 
[  3] Utilization = 0.02 | pJ/Compute =   23.487 | L3[WIO] Q480 S3 R3 - L2[WI] N1 K16X - L1[O] N1 - L0[] P48 
[  2] Utilization = 0.02 | pJ/Compute =   23.487 | L3[WIO] Q480 S3 - L2[WI] R3 K16X - L1[O] N1 - L0[] P48 
[  1] Utilization = 0.02 | pJ/Compute =   23.487 | L3[WIO] Q480 R3 - L2[WI] S3 K16X - L1[O] N1 - L0[] P48 
[  0] Utilization = 0.02 | pJ/Compute =   13.447 | L3[WIO] Q480 - L2[WI] S3 R3 K16X - L1[O] N1 - L0[W] P48 
[  3] Utilization = 0.02 | pJ/Compute =   17.211 | L3[WIO] Q480 S3 R3 - L2[WI] N1 K16X - L1[O] N1 - L0[W] P48 
[  2] Utilization = 0.02 | pJ/Compute =   17.211 | L3[WIO] Q480 S3 - L2[WI] R3 K16X - L1[O] N1 - L0[W] P48 
[  5] Utilization = 0.00 | pJ/Compute =  132.541 | L3[WIO] Q480 P48 R3 - L2[WI] S3 K16X - L1[O] N1 - L0[] N1 
[  4] Utilization = 0.02 | pJ/Compute =   21.266 | L3[WIO] Q480 P48 - L2[WI] S3 R3 K16X - L1[O] N1 - L0[] N1 
[  1] Utilization = 0.02 | pJ/Compute =   17.211 | L3[WIO] Q480 R3 - L2[WI] S3 K16X - L1[O] N1 - L0[W] P48 
[  6] Utilization = 0.00 | pJ/Compute =  132.541 | L3[WIO] Q480 P48 S3 - L2[WI] R3 K16X - L1[O] N1 - L0[] N1 
[  7] Utilization = 0.00 | pJ/Compute =  132.541 | L3[WIO] Q480 P48 S3 R3 - L2[WI] N1 K16X - L1[O] N1 - L0[] N1 
[  9] Utilization = 0.02 | pJ/Compute =   25.807 | L3[WIO] Q480 P2 R3 - L2[WI] S3 K16X - L1[O] N1 - L0[] P24 
[ 10] Utilization = 0.02 | pJ/Compute =   25.807 | L3[WIO] Q480 P2 S3 - L2[WI] R3 K16X - L1[O] N1 - L0[] P24 
[ 12] Utilization = 0.02 | pJ/Compute =   21.266 | L3[WIO] Q480 P24 - L2[WI] S3 R3 K16X - L1[O] N1 - L0[] P2 
[  8] Utilization = 0.02 | pJ/Compute =   21.266 | L3[WIO] Q480 P2 - L2[WI] S3 R3 K16X - L1[O] N1 - L0[] P24 
[ 17] Utilization = 0.02 | pJ/Compute =   28.128 | L3[WIO] Q480 P3 R3 - L2[WI] S3 K16X - L1[O] N1 - L0[] P16 
[ 11] Utilization = 0.02 | pJ/Compute =   25.807 | L3[WIO] Q480 P2 S3 R3 - L2[WI] N1 K16X - L1[O] N1 - L0[] P24 
[ 18] Utilization = 0.02 | pJ/Compute =   28.128 | L3[WIO] Q480 P3 S3 - L2[WI] R3 K16X - L1[O] N1 - L0[] P16 
[ 15] Utilization = 0.01 | pJ/Compute =   76.854 | L3[WIO] Q480 P24 S3 R3 - L2[WI] N1 K16X - L1[O] N1 - L0[] P2 
[ 13] Utilization = 0.01 | pJ/Compute =   75.788 | L3[WIO] Q480 P24 R3 - L2[WI] S3 K16X - L1[O] N1 - L0[] P2 
[ 14] Utilization = 0.01 | pJ/Compute =   76.854 | L3[WIO] Q480 P24 S3 - L2[WI] R3 K16X - L1[O] N1 - L0[] P2 
[ 16] Utilization = 0.02 | pJ/Compute =   21.266 | L3[WIO] Q480 P3 - L2[WI] S3 R3 K16X - L1[O] N1 - L0[] P16 
[ 10] Utilization = 0.02 | pJ/Compute =   19.685 | L3[WIO] Q480 P2 S3 - L2[WI] R3 K16X - L1[O] N1 - L0[W] P24 
[  9] Utilization = 0.02 | pJ/Compute =   19.685 | L3[WIO] Q480 P2 R3 - L2[WI] S3 K16X - L1[O] N1 - L0[W] P24 
[ 12] Utilization = 0.02 | pJ/Compute =   18.539 | L3[WIO] Q480 P24 - L2[WI] S3 R3 K16X - L1[O] N1 - L0[W] P2 
[  8] Utilization = 0.02 | pJ/Compute =   15.144 | L3[WIO] Q480 P2 - L2[WI] S3 R3 K16X - L1[O] N1 - L0[W] P24 
[ 17] Utilization = 0.02 | pJ/Compute =   22.160 | L3[WIO] Q480 P3 R3 - L2[WI] S3 K16X - L1[O] N1 - L0[W] P16 
[ 18] Utilization = 0.02 | pJ/Compute =   22.160 | L3[WIO] Q480 P3 S3 - L2[WI] R3 K16X - L1[O] N1 - L0[W] P16 
[ 15] Utilization = 0.01 | pJ/Compute =   74.128 | L3[WIO] Q480 P24 S3 R3 - L2[WI] N1 K16X - L1[O] N1 - L0[W] P2 
[ 11] Utilization = 0.02 | pJ/Compute =   19.685 | L3[WIO] Q480 P2 S3 R3 - L2[WI] N1 K16X - L1[O] N1 - L0[W] P24 
[ 13] Utilization = 0.01 | pJ/Compute =   73.061 | L3[WIO] Q480 P24 R3 - L2[WI] S3 K16X - L1[O] N1 - L0[W] P2 
[ 14] Utilization = 0.01 | pJ/Compute =   74.128 | L3[WIO] Q480 P24 S3 - L2[WI] R3 K16X - L1[O] N1 - L0[W] P2 
[ 16] Utilization = 0.02 | pJ/Compute =   15.298 | L3[WIO] Q480 P3 - L2[WI] S3 R3 K16X - L1[O] N1 - L0[W] P16 
[ 19] Utilization = 0.02 | pJ/Compute =   28.128 | L3[WIO] Q480 P3 S3 R3 - L2[WI] N1 K16X - L1[O] N1 - L0[] P16 
[ 19] Utilization = 0.02 | pJ/Compute =   22.160 | L3[WIO] Q480 P3 S3 R3 - L2[WI] N1 K16X - L1[O] N1 - L0[W] P16 
[ 16] STATEMENT: 100 suboptimal mappings found since the last upgrade, terminating search.
[ 18] STATEMENT: 100 suboptimal mappings found since the last upgrade, terminating search.
[  0] STATEMENT: 100 suboptimal mappings found since the last upgrade, terminating search.
[  2] STATEMENT: 100 suboptimal mappings found since the last upgrade, terminating search.
[ 19] STATEMENT: 100 suboptimal mappings found since the last upgrade, terminating search.
[ 15] STATEMENT: 100 suboptimal mappings found since the last upgrade, terminating search.
[  9] STATEMENT: 100 suboptimal mappings found since the last upgrade, terminating search.
[  3] STATEMENT: 100 suboptimal mappings found since the last upgrade, terminating search.
[ 13] STATEMENT: 100 suboptimal mappings found since the last upgrade, terminating search.
[  8] STATEMENT: 100 suboptimal mappings found since the last upgrade, terminating search.
[ 11] STATEMENT: 100 suboptimal mappings found since the last upgrade, terminating search.
[  1] STATEMENT: 100 suboptimal mappings found since the last upgrade, terminating search.
[ 10] STATEMENT: 100 suboptimal mappings found since the last upgrade, terminating search.
[ 14] STATEMENT: 100 suboptimal mappings found since the last upgrade, terminating search.
[ 17] STATEMENT: 100 suboptimal mappings found since the last upgrade, terminating search.
[ 12] STATEMENT: 100 suboptimal mappings found since the last upgrade, terminating search.
[  6] STATEMENT: 100 suboptimal mappings found since the last upgrade, terminating search.
[  5] STATEMENT: 100 suboptimal mappings found since the last upgrade, terminating search.
[  7] STATEMENT: 100 suboptimal mappings found since the last upgrade, terminating search.
[  4] STATEMENT: 100 suboptimal mappings found since the last upgrade, terminating search.


Summary stats for best mapping found by mapper:
  Utilization = 0.02 | pJ/Compute =   13.447
