input file: ./sample.yaml
  _______                __                
 /_  __(_)___ ___  ___  / /___  ____  ____ 
  / / / / __ `__ \/ _ \/ / __ \/ __ \/ __ \
 / / / / / / / / /  __/ / /_/ / /_/ / /_/ /
/_/ /_/_/ /_/ /_/\___/_/\____/\____/ .___/ 
                                  /_/      

Problem configuration complete.
Architecture configuration complete.
Sparse optimization configuration complete.
Using all available hardware threads = 20
Mapper configuration complete.
Initializing Index Factorization subspace.
  Factorization options along problem dimension R = 2
  Factorization options along problem dimension S = 2
  Factorization options along problem dimension P = 10
  Factorization options along problem dimension Q = 24
  Factorization options along problem dimension C = 1
  Factorization options along problem dimension K = 1
  Factorization options along problem dimension N = 1
Mapspace Dimension [IndexFactorization] Size: 960
Mapspace Dimension [LoopPermutation] Size: 25401600
Mapspace Dimension [Spatial] Size: 64
Mapspace Dimension [DatatypeBypass] Size: 8
Mapspace split! Per-split Mapping Dimension [IndexFactorization] Size: 48 Residue: 0
Mapspace construction complete.
Search configuration complete.


Summary stats for best mapping found by mapper:
  Utilization = 0.02 | pJ/Compute =   13.447
