\BOOKMARK [0][-]{chapter.1}{\376\377\0001\000\040\000C\000o\000n\000d\000u\000c\000t\000i\000n\000g\000\040\000U\000n\000i\000t\000\040\000T\000e\000s\000t\000s\000\040\000f\000o\000r\000\040\000C\000o\000m\000p\000o\000u\000n\000d\000\040\000C\000o\000n\000f\000i\000g\000.}{}% 1
\BOOKMARK [0][-]{chapter.2}{\376\377\0002\000\040\000H\000i\000e\000r\000a\000r\000c\000h\000i\000c\000a\000l\000\040\000I\000n\000d\000e\000x}{}% 2
\BOOKMARK [1][-]{section.2.1}{\376\377\0002\000.\0001\000\040\000C\000l\000a\000s\000s\000\040\000H\000i\000e\000r\000a\000r\000c\000h\000y}{chapter.2}% 3
\BOOKMARK [0][-]{chapter.3}{\376\377\0003\000\040\000C\000l\000a\000s\000s\000\040\000I\000n\000d\000e\000x}{}% 4
\BOOKMARK [1][-]{section.3.1}{\376\377\0003\000.\0001\000\040\000C\000l\000a\000s\000s\000\040\000L\000i\000s\000t}{chapter.3}% 5
\BOOKMARK [0][-]{chapter.4}{\376\377\0004\000\040\000C\000l\000a\000s\000s\000\040\000D\000o\000c\000u\000m\000e\000n\000t\000a\000t\000i\000o\000n}{}% 6
\BOOKMARK [1][-]{section.4.1}{\376\377\0004\000.\0001\000\040\000A\000c\000c\000e\000s\000s\000S\000t\000a\000t\000M\000a\000t\000r\000i\000x\000\040\000S\000t\000r\000u\000c\000t\000\040\000R\000e\000f\000e\000r\000e\000n\000c\000e}{chapter.4}% 7
\BOOKMARK [2][-]{subsection.4.1.1}{\376\377\0004\000.\0001\000.\0001\000\040\000D\000e\000t\000a\000i\000l\000e\000d\000\040\000D\000e\000s\000c\000r\000i\000p\000t\000i\000o\000n}{section.4.1}% 8
\BOOKMARK [1][-]{section.4.2}{\376\377\0004\000.\0002\000\040\000A\000c\000c\000e\000s\000s\000S\000t\000a\000t\000s\000\040\000S\000t\000r\000u\000c\000t\000\040\000R\000e\000f\000e\000r\000e\000n\000c\000e}{chapter.4}% 9
\BOOKMARK [2][-]{subsection.4.2.1}{\376\377\0004\000.\0002\000.\0001\000\040\000D\000e\000t\000a\000i\000l\000e\000d\000\040\000D\000e\000s\000c\000r\000i\000p\000t\000i\000o\000n}{section.4.2}% 10
\BOOKMARK [1][-]{section.4.3}{\376\377\0004\000.\0003\000\040\000s\000p\000a\000r\000s\000e\000:\000:\000A\000c\000t\000i\000o\000n\000O\000p\000t\000i\000m\000i\000z\000a\000t\000i\000o\000n\000\040\000S\000t\000r\000u\000c\000t\000\040\000R\000e\000f\000e\000r\000e\000n\000c\000e}{chapter.4}% 11
\BOOKMARK [1][-]{section.4.4}{\376\377\0004\000.\0004\000\040\000A\000p\000p\000l\000i\000c\000a\000t\000i\000o\000n\000\040\000C\000l\000a\000s\000s\000\040\000R\000e\000f\000e\000r\000e\000n\000c\000e}{chapter.4}% 12
\BOOKMARK [1][-]{section.4.5}{\376\377\0004\000.\0005\000\040\000A\000r\000c\000h\000P\000r\000o\000p\000e\000r\000t\000i\000e\000s\000\040\000C\000l\000a\000s\000s\000\040\000R\000e\000f\000e\000r\000e\000n\000c\000e}{chapter.4}% 13
\BOOKMARK [1][-]{section.4.6}{\376\377\0004\000.\0006\000\040\000A\000r\000c\000h\000S\000p\000a\000c\000e\000\040\000C\000l\000a\000s\000s\000\040\000R\000e\000f\000e\000r\000e\000n\000c\000e}{chapter.4}% 14
\BOOKMARK [1][-]{section.4.7}{\376\377\0004\000.\0007\000\040\000A\000r\000c\000h\000S\000p\000a\000c\000e\000N\000o\000d\000e\000\040\000C\000l\000a\000s\000s\000\040\000R\000e\000f\000e\000r\000e\000n\000c\000e}{chapter.4}% 15
\BOOKMARK [1][-]{section.4.8}{\376\377\0004\000.\0008\000\040\000A\000r\000c\000h\000S\000w\000e\000e\000p\000N\000o\000d\000e\000\040\000C\000l\000a\000s\000s\000\040\000R\000e\000f\000e\000r\000e\000n\000c\000e}{chapter.4}% 16
\BOOKMARK [1][-]{section.4.9}{\376\377\0004\000.\0009\000\040\000m\000o\000d\000e\000l\000:\000:\000A\000r\000i\000t\000h\000m\000e\000t\000i\000c\000U\000n\000i\000t\000s\000\040\000C\000l\000a\000s\000s\000\040\000R\000e\000f\000e\000r\000e\000n\000c\000e}{chapter.4}% 17
\BOOKMARK [1][-]{section.4.10}{\376\377\0004\000.\0001\0000\000\040\000m\000o\000d\000e\000l\000:\000:\000A\000t\000t\000r\000i\000b\000u\000t\000e\000<\000\040\000T\000\040\000>\000\040\000C\000l\000a\000s\000s\000\040\000T\000e\000m\000p\000l\000a\000t\000e\000\040\000R\000e\000f\000e\000r\000e\000n\000c\000e}{chapter.4}% 18
\BOOKMARK [1][-]{section.4.11}{\376\377\0004\000.\0001\0001\000\040\000A\000x\000i\000s\000A\000l\000i\000g\000n\000e\000d\000H\000y\000p\000e\000r\000R\000e\000c\000t\000a\000n\000g\000l\000e\000\040\000C\000l\000a\000s\000s\000\040\000R\000e\000f\000e\000r\000e\000n\000c\000e}{chapter.4}% 19
\BOOKMARK [1][-]{section.4.12}{\376\377\0004\000.\0001\0002\000\040\000p\000r\000o\000b\000l\000e\000m\000:\000:\000B\000a\000n\000d\000e\000d\000D\000i\000s\000t\000r\000i\000b\000u\000t\000i\000o\000n\000\040\000C\000l\000a\000s\000s\000\040\000R\000e\000f\000e\000r\000e\000n\000c\000e}{chapter.4}% 20
\BOOKMARK [1][-]{section.4.13}{\376\377\0004\000.\0001\0003\000\040\000p\000r\000o\000b\000l\000e\000m\000:\000:\000B\000i\000t\000m\000a\000s\000k\000\040\000C\000l\000a\000s\000s\000\040\000R\000e\000f\000e\000r\000e\000n\000c\000e}{chapter.4}% 21
\BOOKMARK [1][-]{section.4.14}{\376\377\0004\000.\0001\0004\000\040\000m\000o\000d\000e\000l\000:\000:\000B\000u\000f\000f\000e\000r\000L\000e\000v\000e\000l\000\040\000C\000l\000a\000s\000s\000\040\000R\000e\000f\000e\000r\000e\000n\000c\000e}{chapter.4}% 22
\BOOKMARK [1][-]{section.4.15}{\376\377\0004\000.\0001\0005\000\040\000C\000a\000r\000t\000e\000s\000i\000a\000n\000C\000o\000u\000n\000t\000e\000r\000<\000\040\000o\000r\000d\000e\000r\000\040\000>\000\040\000C\000l\000a\000s\000s\000\040\000T\000e\000m\000p\000l\000a\000t\000e\000\040\000R\000e\000f\000e\000r\000e\000n\000c\000e}{chapter.4}% 23
\BOOKMARK [1][-]{section.4.16}{\376\377\0004\000.\0001\0006\000\040\000C\000a\000r\000t\000e\000s\000i\000a\000n\000C\000o\000u\000n\000t\000e\000r\000D\000y\000n\000a\000m\000i\000c\000\040\000C\000l\000a\000s\000s\000\040\000R\000e\000f\000e\000r\000e\000n\000c\000e}{chapter.4}% 24
\BOOKMARK [1][-]{section.4.17}{\376\377\0004\000.\0001\0007\000\040\000C\000a\000r\000t\000e\000s\000i\000a\000n\000C\000o\000u\000n\000t\000e\000r\000G\000e\000n\000e\000r\000i\000c\000<\000\040\000T\000\040\000>\000\040\000C\000l\000a\000s\000s\000\040\000T\000e\000m\000p\000l\000a\000t\000e\000\040\000R\000e\000f\000e\000r\000e\000n\000c\000e}{chapter.4}% 25
\BOOKMARK [1][-]{section.4.18}{\376\377\0004\000.\0001\0008\000\040\000c\000o\000n\000f\000i\000g\000:\000:\000C\000o\000m\000p\000o\000u\000n\000d\000C\000o\000n\000f\000i\000g\000\040\000C\000l\000a\000s\000s\000\040\000R\000e\000f\000e\000r\000e\000n\000c\000e}{chapter.4}% 26
\BOOKMARK [1][-]{section.4.19}{\376\377\0004\000.\0001\0009\000\040\000c\000o\000n\000f\000i\000g\000:\000:\000C\000o\000m\000p\000o\000u\000n\000d\000C\000o\000n\000f\000i\000g\000N\000o\000d\000e\000\040\000C\000l\000a\000s\000s\000\040\000R\000e\000f\000e\000r\000e\000n\000c\000e}{chapter.4}% 27
\BOOKMARK [2][-]{subsection.4.19.1}{\376\377\0004\000.\0001\0009\000.\0001\000\040\000M\000e\000m\000b\000e\000r\000\040\000F\000u\000n\000c\000t\000i\000o\000n\000\040\000D\000o\000c\000u\000m\000e\000n\000t\000a\000t\000i\000o\000n}{section.4.19}% 28
\BOOKMARK [3][-]{subsubsection.4.19.1.1}{\376\377\0004\000.\0001\0009\000.\0001\000.\0001\000\040\000i\000n\000s\000t\000a\000n\000t\000i\000a\000t\000e\000K\000e\000y\000\050\000\051}{subsection.4.19.1}% 29
\BOOKMARK [3][-]{subsubsection.4.19.1.2}{\376\377\0004\000.\0001\0009\000.\0001\000.\0002\000\040\000p\000u\000s\000h\000\137\000b\000a\000c\000k\000\050\000\051}{subsection.4.19.1}% 30
\BOOKMARK [3][-]{subsubsection.4.19.1.3}{\376\377\0004\000.\0001\0009\000.\0001\000.\0003\000\040\000r\000e\000s\000o\000l\000v\000e\000\050\000\051}{subsection.4.19.1}% 31
\BOOKMARK [3][-]{subsubsection.4.19.1.4}{\376\377\0004\000.\0001\0009\000.\0001\000.\0004\000\040\000s\000e\000t\000S\000c\000a\000l\000a\000r\000\050\000\051}{subsection.4.19.1}% 32
\BOOKMARK [1][-]{section.4.20}{\376\377\0004\000.\0002\0000\000\040\000t\000i\000l\000i\000n\000g\000:\000:\000C\000o\000m\000p\000o\000u\000n\000d\000T\000i\000l\000e\000\040\000S\000t\000r\000u\000c\000t\000\040\000R\000e\000f\000e\000r\000e\000n\000c\000e}{chapter.4}% 33
\BOOKMARK [1][-]{section.4.21}{\376\377\0004\000.\0002\0001\000\040\000t\000i\000l\000i\000n\000g\000:\000:\000C\000o\000m\000p\000o\000u\000n\000d\000T\000i\000l\000e\000N\000e\000s\000t\000\040\000S\000t\000r\000u\000c\000t\000\040\000R\000e\000f\000e\000r\000e\000n\000c\000e}{chapter.4}% 34
\BOOKMARK [1][-]{section.4.22}{\376\377\0004\000.\0002\0002\000\040\000a\000n\000a\000l\000y\000s\000i\000s\000:\000:\000C\000o\000m\000p\000o\000u\000n\000d\000T\000i\000l\000e\000N\000e\000s\000t\000\040\000S\000t\000r\000u\000c\000t\000\040\000R\000e\000f\000e\000r\000e\000n\000c\000e}{chapter.4}% 35
\BOOKMARK [1][-]{section.4.23}{\376\377\0004\000.\0002\0003\000\040\000s\000p\000a\000r\000s\000e\000:\000:\000C\000o\000m\000p\000r\000e\000s\000s\000i\000o\000n\000I\000n\000f\000o\000\040\000S\000t\000r\000u\000c\000t\000\040\000R\000e\000f\000e\000r\000e\000n\000c\000e}{chapter.4}% 36
\BOOKMARK [1][-]{section.4.24}{\376\377\0004\000.\0002\0004\000\040\000t\000i\000l\000i\000n\000g\000:\000:\000C\000o\000m\000p\000u\000t\000e\000I\000n\000f\000o\000\040\000S\000t\000r\000u\000c\000t\000\040\000R\000e\000f\000e\000r\000e\000n\000c\000e}{chapter.4}% 37
\BOOKMARK [1][-]{section.4.25}{\376\377\0004\000.\0002\0005\000\040\000a\000n\000a\000l\000y\000s\000i\000s\000:\000:\000C\000o\000m\000p\000u\000t\000e\000I\000n\000f\000o\000\040\000S\000t\000r\000u\000c\000t\000\040\000R\000e\000f\000e\000r\000e\000n\000c\000e}{chapter.4}% 38
\BOOKMARK [1][-]{section.4.26}{\376\377\0004\000.\0002\0006\000\040\000s\000p\000a\000r\000s\000e\000:\000:\000C\000o\000n\000d\000i\000t\000i\000o\000n\000e\000d\000O\000n\000O\000p\000t\000i\000m\000i\000z\000a\000t\000i\000o\000n\000\040\000S\000t\000r\000u\000c\000t\000\040\000R\000e\000f\000e\000r\000e\000n\000c\000e}{chapter.4}% 39
\BOOKMARK [1][-]{section.4.27}{\376\377\0004\000.\0002\0007\000\040\000m\000a\000p\000p\000i\000n\000g\000:\000:\000C\000o\000n\000s\000t\000r\000a\000i\000n\000t\000s\000\040\000C\000l\000a\000s\000s\000\040\000R\000e\000f\000e\000r\000e\000n\000c\000e}{chapter.4}% 40
\BOOKMARK [1][-]{section.4.28}{\376\377\0004\000.\0002\0008\000\040\000p\000r\000o\000b\000l\000e\000m\000:\000:\000C\000o\000o\000r\000d\000i\000n\000a\000t\000e\000P\000a\000y\000l\000o\000a\000d\000\040\000C\000l\000a\000s\000s\000\040\000R\000e\000f\000e\000r\000e\000n\000c\000e}{chapter.4}% 41
\BOOKMARK [1][-]{section.4.29}{\376\377\0004\000.\0002\0009\000\040\000t\000i\000l\000i\000n\000g\000:\000:\000C\000o\000o\000r\000d\000i\000n\000a\000t\000e\000S\000p\000a\000c\000e\000T\000i\000l\000e\000I\000n\000f\000o\000\040\000S\000t\000r\000u\000c\000t\000\040\000R\000e\000f\000e\000r\000e\000n\000c\000e}{chapter.4}% 42
\BOOKMARK [1][-]{section.4.30}{\376\377\0004\000.\0003\0000\000\040\000t\000i\000l\000i\000n\000g\000:\000:\000D\000a\000t\000a\000M\000o\000v\000e\000m\000e\000n\000t\000I\000n\000f\000o\000\040\000S\000t\000r\000u\000c\000t\000\040\000R\000e\000f\000e\000r\000e\000n\000c\000e}{chapter.4}% 43
\BOOKMARK [1][-]{section.4.31}{\376\377\0004\000.\0003\0001\000\040\000a\000n\000a\000l\000y\000s\000i\000s\000:\000:\000D\000a\000t\000a\000M\000o\000v\000e\000m\000e\000n\000t\000I\000n\000f\000o\000\040\000S\000t\000r\000u\000c\000t\000\040\000R\000e\000f\000e\000r\000e\000n\000c\000e}{chapter.4}% 44
\BOOKMARK [1][-]{section.4.32}{\376\377\0004\000.\0003\0002\000\040\000p\000r\000o\000b\000l\000e\000m\000:\000:\000D\000e\000n\000s\000i\000t\000y\000D\000i\000s\000t\000r\000i\000b\000u\000t\000i\000o\000n\000\040\000C\000l\000a\000s\000s\000\040\000R\000e\000f\000e\000r\000e\000n\000c\000e}{chapter.4}% 45
\BOOKMARK [1][-]{section.4.33}{\376\377\0004\000.\0003\0003\000\040\000p\000r\000o\000b\000l\000e\000m\000:\000:\000D\000e\000n\000s\000i\000t\000y\000D\000i\000s\000t\000r\000i\000b\000u\000t\000i\000o\000n\000F\000a\000c\000t\000o\000r\000y\000\040\000C\000l\000a\000s\000s\000\040\000R\000e\000f\000e\000r\000e\000n\000c\000e}{chapter.4}% 46
\BOOKMARK [1][-]{section.4.34}{\376\377\0004\000.\0003\0004\000\040\000p\000r\000o\000b\000l\000e\000m\000:\000:\000D\000e\000n\000s\000i\000t\000y\000D\000i\000s\000t\000r\000i\000b\000u\000t\000i\000o\000n\000S\000p\000e\000c\000s\000\040\000S\000t\000r\000u\000c\000t\000\040\000R\000e\000f\000e\000r\000e\000n\000c\000e}{chapter.4}% 47
\BOOKMARK [1][-]{section.4.35}{\376\377\0004\000.\0003\0005\000\040\000p\000r\000o\000b\000l\000e\000m\000:\000:\000D\000e\000n\000s\000i\000t\000y\000M\000o\000d\000e\000l\000I\000n\000c\000a\000p\000a\000b\000i\000l\000i\000t\000y\000\040\000C\000l\000a\000s\000s\000\040\000R\000e\000f\000e\000r\000e\000n\000c\000e}{chapter.4}% 48
\BOOKMARK [1][-]{section.4.36}{\376\377\0004\000.\0003\0006\000\040\000l\000o\000o\000p\000:\000:\000D\000e\000s\000c\000r\000i\000p\000t\000o\000r\000\040\000C\000l\000a\000s\000s\000\040\000R\000e\000f\000e\000r\000e\000n\000c\000e}{chapter.4}% 49
\BOOKMARK [1][-]{section.4.37}{\376\377\0004\000.\0003\0007\000\040\000D\000e\000s\000i\000g\000n\000S\000p\000a\000c\000e\000E\000x\000p\000l\000o\000r\000e\000r\000\040\000C\000l\000a\000s\000s\000\040\000R\000e\000f\000e\000r\000e\000n\000c\000e}{chapter.4}% 50
\BOOKMARK [1][-]{section.4.38}{\376\377\0004\000.\0003\0008\000\040\000l\000o\000o\000p\000:\000:\000N\000e\000s\000t\000:\000:\000S\000k\000e\000w\000D\000e\000s\000c\000r\000i\000p\000t\000o\000r\000:\000:\000T\000e\000r\000m\000:\000:\000D\000i\000m\000S\000p\000e\000c\000\040\000S\000t\000r\000u\000c\000t\000\040\000R\000e\000f\000e\000r\000e\000n\000c\000e}{chapter.4}% 51
\BOOKMARK [1][-]{section.4.39}{\376\377\0004\000.\0003\0009\000\040\000D\000y\000n\000a\000m\000i\000c\000A\000r\000r\000a\000y\000<\000\040\000T\000\040\000>\000\040\000C\000l\000a\000s\000s\000\040\000T\000e\000m\000p\000l\000a\000t\000e\000\040\000R\000e\000f\000e\000r\000e\000n\000c\000e}{chapter.4}% 52
\BOOKMARK [1][-]{section.4.40}{\376\377\0004\000.\0004\0000\000\040\000a\000n\000a\000l\000y\000s\000i\000s\000:\000:\000E\000l\000e\000m\000e\000n\000t\000S\000t\000a\000t\000e\000\040\000S\000t\000r\000u\000c\000t\000\040\000R\000e\000f\000e\000r\000e\000n\000c\000e}{chapter.4}% 53
\BOOKMARK [1][-]{section.4.41}{\376\377\0004\000.\0004\0001\000\040\000m\000o\000d\000e\000l\000:\000:\000E\000n\000g\000i\000n\000e\000\040\000C\000l\000a\000s\000s\000\040\000R\000e\000f\000e\000r\000e\000n\000c\000e}{chapter.4}% 54
\BOOKMARK [1][-]{section.4.42}{\376\377\0004\000.\0004\0002\000\040\000m\000o\000d\000e\000l\000:\000:\000E\000v\000a\000l\000S\000t\000a\000t\000u\000s\000\040\000S\000t\000r\000u\000c\000t\000\040\000R\000e\000f\000e\000r\000e\000n\000c\000e}{chapter.4}% 55
\BOOKMARK [1][-]{section.4.43}{\376\377\0004\000.\0004\0003\000\040\000E\000v\000a\000l\000u\000a\000t\000i\000o\000n\000R\000e\000s\000u\000l\000t\000\040\000S\000t\000r\000u\000c\000t\000\040\000R\000e\000f\000e\000r\000e\000n\000c\000e}{chapter.4}% 56
\BOOKMARK [1][-]{section.4.44}{\376\377\0004\000.\0004\0004\000\040\000s\000e\000a\000r\000c\000h\000:\000:\000E\000x\000h\000a\000u\000s\000t\000i\000v\000e\000S\000e\000a\000r\000c\000h\000\040\000C\000l\000a\000s\000s\000\040\000R\000e\000f\000e\000r\000e\000n\000c\000e}{chapter.4}% 57
\BOOKMARK [1][-]{section.4.45}{\376\377\0004\000.\0004\0005\000\040\000s\000p\000a\000r\000s\000e\000:\000:\000E\000x\000p\000l\000i\000c\000i\000t\000R\000e\000a\000d\000O\000p\000t\000i\000m\000i\000z\000a\000t\000i\000o\000n\000I\000m\000p\000a\000c\000t\000\040\000S\000t\000r\000u\000c\000t\000\040\000R\000e\000f\000e\000r\000e\000n\000c\000e}{chapter.4}% 58
\BOOKMARK [1][-]{section.4.46}{\376\377\0004\000.\0004\0006\000\040\000t\000i\000l\000i\000n\000g\000:\000:\000E\000x\000t\000r\000a\000T\000i\000l\000e\000C\000o\000n\000s\000t\000r\000a\000i\000n\000t\000I\000n\000f\000o\000\040\000S\000t\000r\000u\000c\000t\000\040\000R\000e\000f\000e\000r\000e\000n\000c\000e}{chapter.4}% 59
\BOOKMARK [1][-]{section.4.47}{\376\377\0004\000.\0004\0007\000\040\000F\000a\000c\000t\000o\000r\000a\000d\000i\000c\000<\000\040\000T\000\040\000>\000\040\000C\000l\000a\000s\000s\000\040\000T\000e\000m\000p\000l\000a\000t\000e\000\040\000R\000e\000f\000e\000r\000e\000n\000c\000e}{chapter.4}% 60
\BOOKMARK [1][-]{section.4.48}{\376\377\0004\000.\0004\0008\000\040\000F\000a\000c\000t\000o\000r\000s\000\040\000C\000l\000a\000s\000s\000\040\000R\000e\000f\000e\000r\000e\000n\000c\000e}{chapter.4}% 61
\BOOKMARK [1][-]{section.4.49}{\376\377\0004\000.\0004\0009\000\040\000F\000a\000i\000l\000I\000n\000f\000o\000\040\000S\000t\000r\000u\000c\000t\000\040\000R\000e\000f\000e\000r\000e\000n\000c\000e}{chapter.4}% 62
\BOOKMARK [1][-]{section.4.50}{\376\377\0004\000.\0005\0000\000\040\000p\000r\000o\000b\000l\000e\000m\000:\000:\000F\000i\000x\000e\000d\000S\000t\000r\000u\000c\000t\000u\000r\000e\000d\000D\000i\000s\000t\000r\000i\000b\000u\000t\000i\000o\000n\000\040\000C\000l\000a\000s\000s\000\040\000R\000e\000f\000e\000r\000e\000n\000c\000e}{chapter.4}% 63
\BOOKMARK [1][-]{section.4.51}{\376\377\0004\000.\0005\0001\000\040\000G\000r\000a\000d\000i\000e\000n\000t\000\040\000S\000t\000r\000u\000c\000t\000\040\000R\000e\000f\000e\000r\000e\000n\000c\000e}{chapter.4}% 64
\BOOKMARK [1][-]{section.4.52}{\376\377\0004\000.\0005\0002\000\040\000s\000e\000a\000r\000c\000h\000:\000:\000H\000y\000b\000r\000i\000d\000S\000e\000a\000r\000c\000h\000\040\000C\000l\000a\000s\000s\000\040\000R\000e\000f\000e\000r\000e\000n\000c\000e}{chapter.4}% 65
\BOOKMARK [1][-]{section.4.53}{\376\377\0004\000.\0005\0003\000\040\000p\000r\000o\000b\000l\000e\000m\000:\000:\000H\000y\000p\000e\000r\000g\000e\000o\000m\000e\000t\000r\000i\000c\000D\000i\000s\000t\000r\000i\000b\000u\000t\000i\000o\000n\000\040\000C\000l\000a\000s\000s\000\040\000R\000e\000f\000e\000r\000e\000n\000c\000e}{chapter.4}% 66
\BOOKMARK [1][-]{section.4.54}{\376\377\0004\000.\0005\0004\000\040\000m\000a\000p\000s\000p\000a\000c\000e\000:\000:\000I\000n\000d\000e\000x\000F\000a\000c\000t\000o\000r\000i\000z\000a\000t\000i\000o\000n\000S\000p\000a\000c\000e\000\040\000C\000l\000a\000s\000s\000\040\000R\000e\000f\000e\000r\000e\000n\000c\000e}{chapter.4}% 67
\BOOKMARK [1][-]{section.4.55}{\376\377\0004\000.\0005\0005\000\040\000I\000S\000L\000P\000o\000i\000n\000t\000S\000e\000t\000\040\000C\000l\000a\000s\000s\000\040\000R\000e\000f\000e\000r\000e\000n\000c\000e}{chapter.4}% 68
\BOOKMARK [1][-]{section.4.56}{\376\377\0004\000.\0005\0006\000\040\000m\000o\000d\000e\000l\000:\000:\000L\000e\000g\000a\000c\000y\000N\000e\000t\000w\000o\000r\000k\000\040\000C\000l\000a\000s\000s\000\040\000R\000e\000f\000e\000r\000e\000n\000c\000e}{chapter.4}% 69
\BOOKMARK [1][-]{section.4.57}{\376\377\0004\000.\0005\0007\000\040\000m\000o\000d\000e\000l\000:\000:\000L\000e\000v\000e\000l\000\040\000C\000l\000a\000s\000s\000\040\000R\000e\000f\000e\000r\000e\000n\000c\000e}{chapter.4}% 70
\BOOKMARK [1][-]{section.4.58}{\376\377\0004\000.\0005\0008\000\040\000m\000o\000d\000e\000l\000:\000:\000L\000e\000v\000e\000l\000S\000p\000e\000c\000s\000\040\000S\000t\000r\000u\000c\000t\000\040\000R\000e\000f\000e\000r\000e\000n\000c\000e}{chapter.4}% 71
\BOOKMARK [1][-]{section.4.59}{\376\377\0004\000.\0005\0009\000\040\000s\000e\000a\000r\000c\000h\000:\000:\000L\000i\000n\000e\000a\000r\000P\000r\000u\000n\000e\000d\000S\000e\000a\000r\000c\000h\000\040\000C\000l\000a\000s\000s\000\040\000R\000e\000f\000e\000r\000e\000n\000c\000e}{chapter.4}% 72
\BOOKMARK [1][-]{section.4.60}{\376\377\0004\000.\0006\0000\000\040\000a\000n\000a\000l\000y\000s\000i\000s\000:\000:\000L\000o\000o\000p\000S\000t\000a\000t\000e\000\040\000C\000l\000a\000s\000s\000\040\000R\000e\000f\000e\000r\000e\000n\000c\000e}{chapter.4}% 73
\BOOKMARK [1][-]{section.4.61}{\376\377\0004\000.\0006\0001\000\040\000M\000a\000p\000p\000e\000r\000T\000h\000r\000e\000a\000d\000\040\000C\000l\000a\000s\000s\000\040\000R\000e\000f\000e\000r\000e\000n\000c\000e}{chapter.4}% 74
\BOOKMARK [1][-]{section.4.62}{\376\377\0004\000.\0006\0002\000\040\000M\000a\000p\000p\000i\000n\000g\000\040\000S\000t\000r\000u\000c\000t\000\040\000R\000e\000f\000e\000r\000e\000n\000c\000e}{chapter.4}% 75
\BOOKMARK [1][-]{section.4.63}{\376\377\0004\000.\0006\0003\000\040\000m\000a\000p\000s\000p\000a\000c\000e\000:\000:\000M\000a\000p\000S\000p\000a\000c\000e\000\040\000C\000l\000a\000s\000s\000\040\000R\000e\000f\000e\000r\000e\000n\000c\000e}{chapter.4}% 76
\BOOKMARK [1][-]{section.4.64}{\376\377\0004\000.\0006\0004\000\040\000p\000r\000o\000b\000l\000e\000m\000:\000:\000M\000e\000t\000a\000D\000a\000t\000a\000F\000o\000r\000m\000a\000t\000\040\000C\000l\000a\000s\000s\000\040\000R\000e\000f\000e\000r\000e\000n\000c\000e}{chapter.4}% 77
\BOOKMARK [1][-]{section.4.65}{\376\377\0004\000.\0006\0005\000\040\000p\000r\000o\000b\000l\000e\000m\000:\000:\000M\000e\000t\000a\000D\000a\000t\000a\000F\000o\000r\000m\000a\000t\000F\000a\000c\000t\000o\000r\000y\000\040\000C\000l\000a\000s\000s\000\040\000R\000e\000f\000e\000r\000e\000n\000c\000e}{chapter.4}% 78
\BOOKMARK [1][-]{section.4.66}{\376\377\0004\000.\0006\0006\000\040\000p\000r\000o\000b\000l\000e\000m\000:\000:\000M\000e\000t\000a\000D\000a\000t\000a\000F\000o\000r\000m\000a\000t\000S\000p\000e\000c\000s\000\040\000S\000t\000r\000u\000c\000t\000\040\000R\000e\000f\000e\000r\000e\000n\000c\000e}{chapter.4}% 79
\BOOKMARK [1][-]{section.4.67}{\376\377\0004\000.\0006\0007\000\040\000p\000r\000o\000b\000l\000e\000m\000:\000:\000M\000e\000t\000a\000D\000a\000t\000a\000O\000c\000c\000u\000p\000a\000n\000c\000y\000Q\000u\000e\000r\000y\000\040\000S\000t\000r\000u\000c\000t\000\040\000R\000e\000f\000e\000r\000e\000n\000c\000e}{chapter.4}% 80
\BOOKMARK [1][-]{section.4.68}{\376\377\0004\000.\0006\0008\000\040\000m\000o\000d\000e\000l\000:\000:\000M\000o\000d\000u\000l\000e\000\040\000C\000l\000a\000s\000s\000\040\000R\000e\000f\000e\000r\000e\000n\000c\000e}{chapter.4}% 81
\BOOKMARK [1][-]{section.4.69}{\376\377\0004\000.\0006\0009\000\040\000M\000u\000l\000t\000i\000A\000A\000H\000R\000\040\000C\000l\000a\000s\000s\000\040\000R\000e\000f\000e\000r\000e\000n\000c\000e}{chapter.4}% 82
\BOOKMARK [1][-]{section.4.70}{\376\377\0004\000.\0007\0000\000\040\000l\000o\000o\000p\000:\000:\000N\000e\000s\000t\000\040\000C\000l\000a\000s\000s\000\040\000R\000e\000f\000e\000r\000e\000n\000c\000e}{chapter.4}% 83
\BOOKMARK [2][-]{subsection.4.70.1}{\376\377\0004\000.\0007\0000\000.\0001\000\040\000D\000e\000t\000a\000i\000l\000e\000d\000\040\000D\000e\000s\000c\000r\000i\000p\000t\000i\000o\000n}{section.4.70}% 84
\BOOKMARK [1][-]{section.4.71}{\376\377\0004\000.\0007\0001\000\040\000a\000n\000a\000l\000y\000s\000i\000s\000:\000:\000N\000e\000s\000t\000A\000n\000a\000l\000y\000s\000i\000s\000\040\000C\000l\000a\000s\000s\000\040\000R\000e\000f\000e\000r\000e\000n\000c\000e}{chapter.4}% 85
\BOOKMARK [1][-]{section.4.72}{\376\377\0004\000.\0007\0002\000\040\000m\000o\000d\000e\000l\000:\000:\000N\000e\000t\000w\000o\000r\000k\000\040\000C\000l\000a\000s\000s\000\040\000R\000e\000f\000e\000r\000e\000n\000c\000e}{chapter.4}% 86
\BOOKMARK [1][-]{section.4.73}{\376\377\0004\000.\0007\0003\000\040\000m\000o\000d\000e\000l\000:\000:\000N\000e\000t\000w\000o\000r\000k\000F\000a\000c\000t\000o\000r\000y\000\040\000C\000l\000a\000s\000s\000\040\000R\000e\000f\000e\000r\000e\000n\000c\000e}{chapter.4}% 87
\BOOKMARK [1][-]{section.4.74}{\376\377\0004\000.\0007\0004\000\040\000m\000o\000d\000e\000l\000:\000:\000N\000e\000t\000w\000o\000r\000k\000S\000p\000e\000c\000s\000\040\000S\000t\000r\000u\000c\000t\000\040\000R\000e\000f\000e\000r\000e\000n\000c\000e}{chapter.4}% 88
\BOOKMARK [1][-]{section.4.75}{\376\377\0004\000.\0007\0005\000\040\000p\000r\000o\000b\000l\000e\000m\000:\000:\000O\000p\000e\000r\000a\000t\000i\000o\000n\000P\000o\000i\000n\000t\000\040\000C\000l\000a\000s\000s\000\040\000R\000e\000f\000e\000r\000e\000n\000c\000e}{chapter.4}% 89
\BOOKMARK [1][-]{section.4.76}{\376\377\0004\000.\0007\0006\000\040\000p\000r\000o\000b\000l\000e\000m\000:\000:\000O\000p\000e\000r\000a\000t\000i\000o\000n\000S\000p\000a\000c\000e\000\040\000C\000l\000a\000s\000s\000\040\000R\000e\000f\000e\000r\000e\000n\000c\000e}{chapter.4}% 90
\BOOKMARK [1][-]{section.4.77}{\376\377\0004\000.\0007\0007\000\040\000P\000a\000t\000t\000e\000r\000n\000G\000e\000n\000e\000r\000a\000t\000o\000r\0001\0002\0008\000\040\000C\000l\000a\000s\000s\000\040\000R\000e\000f\000e\000r\000e\000n\000c\000e}{chapter.4}% 91
\BOOKMARK [1][-]{section.4.78}{\376\377\0004\000.\0007\0008\000\040\000p\000r\000o\000b\000l\000e\000m\000:\000:\000P\000e\000r\000D\000a\000t\000a\000S\000p\000a\000c\000e\000<\000\040\000T\000\040\000>\000\040\000C\000l\000a\000s\000s\000\040\000T\000e\000m\000p\000l\000a\000t\000e\000\040\000R\000e\000f\000e\000r\000e\000n\000c\000e}{chapter.4}% 92
\BOOKMARK [1][-]{section.4.79}{\376\377\0004\000.\0007\0009\000\040\000s\000p\000a\000r\000s\000e\000:\000:\000P\000e\000r\000D\000a\000t\000a\000S\000p\000a\000c\000e\000C\000o\000m\000p\000r\000e\000s\000s\000i\000o\000n\000I\000n\000f\000o\000\040\000S\000t\000r\000u\000c\000t\000\040\000R\000e\000f\000e\000r\000e\000n\000c\000e}{chapter.4}% 93
\BOOKMARK [1][-]{section.4.80}{\376\377\0004\000.\0008\0000\000\040\000p\000r\000o\000b\000l\000e\000m\000:\000:\000P\000e\000r\000F\000l\000a\000t\000t\000e\000n\000e\000d\000D\000i\000m\000e\000n\000s\000i\000o\000n\000<\000\040\000T\000\040\000>\000\040\000C\000l\000a\000s\000s\000\040\000T\000e\000m\000p\000l\000a\000t\000e\000\040\000R\000e\000f\000e\000r\000e\000n\000c\000e}{chapter.4}% 94
\BOOKMARK [1][-]{section.4.81}{\376\377\0004\000.\0008\0001\000\040\000m\000a\000p\000s\000p\000a\000c\000e\000:\000:\000P\000e\000r\000m\000u\000t\000a\000t\000i\000o\000n\000S\000p\000a\000c\000e\000\040\000C\000l\000a\000s\000s\000\040\000R\000e\000f\000e\000r\000e\000n\000c\000e}{chapter.4}% 95
\BOOKMARK [1][-]{section.4.82}{\376\377\0004\000.\0008\0002\000\040\000p\000r\000o\000b\000l\000e\000m\000:\000:\000P\000e\000r\000R\000a\000n\000k\000M\000e\000t\000a\000D\000a\000t\000a\000T\000i\000l\000e\000O\000c\000c\000u\000p\000a\000n\000c\000y\000\040\000S\000t\000r\000u\000c\000t\000\040\000R\000e\000f\000e\000r\000e\000n\000c\000e}{chapter.4}% 96
\BOOKMARK [1][-]{section.4.83}{\376\377\0004\000.\0008\0003\000\040\000P\000o\000i\000n\000t\000\040\000C\000l\000a\000s\000s\000\040\000R\000e\000f\000e\000r\000e\000n\000c\000e}{chapter.4}% 97
\BOOKMARK [1][-]{section.4.84}{\376\377\0004\000.\0008\0004\000\040\000P\000o\000i\000n\000t\000R\000e\000s\000u\000l\000t\000\040\000S\000t\000r\000u\000c\000t\000\040\000R\000e\000f\000e\000r\000e\000n\000c\000e}{chapter.4}% 98
\BOOKMARK [1][-]{section.4.85}{\376\377\0004\000.\0008\0005\000\040\000P\000r\000o\000b\000l\000e\000m\000S\000p\000a\000c\000e\000\040\000C\000l\000a\000s\000s\000\040\000R\000e\000f\000e\000r\000e\000n\000c\000e}{chapter.4}% 99
\BOOKMARK [1][-]{section.4.86}{\376\377\0004\000.\0008\0006\000\040\000P\000r\000o\000b\000l\000e\000m\000S\000p\000a\000c\000e\000N\000o\000d\000e\000\040\000C\000l\000a\000s\000s\000\040\000R\000e\000f\000e\000r\000e\000n\000c\000e}{chapter.4}% 100
\BOOKMARK [1][-]{section.4.87}{\376\377\0004\000.\0008\0007\000\040\000R\000a\000n\000d\000o\000m\000G\000e\000n\000e\000r\000a\000t\000o\000r\0001\0002\0008\000\040\000C\000l\000a\000s\000s\000\040\000R\000e\000f\000e\000r\000e\000n\000c\000e}{chapter.4}% 101
\BOOKMARK [1][-]{section.4.88}{\376\377\0004\000.\0008\0008\000\040\000s\000e\000a\000r\000c\000h\000:\000:\000R\000a\000n\000d\000o\000m\000P\000r\000u\000n\000e\000d\000S\000e\000a\000r\000c\000h\000\040\000C\000l\000a\000s\000s\000\040\000R\000e\000f\000e\000r\000e\000n\000c\000e}{chapter.4}% 102
\BOOKMARK [1][-]{section.4.89}{\376\377\0004\000.\0008\0009\000\040\000s\000e\000a\000r\000c\000h\000:\000:\000R\000a\000n\000d\000o\000m\000S\000e\000a\000r\000c\000h\000\040\000C\000l\000a\000s\000s\000\040\000R\000e\000f\000e\000r\000e\000n\000c\000e}{chapter.4}% 103
\BOOKMARK [1][-]{section.4.90}{\376\377\0004\000.\0009\0000\000\040\000m\000o\000d\000e\000l\000:\000:\000R\000e\000d\000u\000c\000t\000i\000o\000n\000T\000r\000e\000e\000N\000e\000t\000w\000o\000r\000k\000\040\000C\000l\000a\000s\000s\000\040\000R\000e\000f\000e\000r\000e\000n\000c\000e}{chapter.4}% 104
\BOOKMARK [1][-]{section.4.91}{\376\377\0004\000.\0009\0001\000\040\000R\000e\000s\000i\000d\000u\000a\000l\000F\000a\000c\000t\000o\000r\000s\000\040\000C\000l\000a\000s\000s\000\040\000R\000e\000f\000e\000r\000e\000n\000c\000e}{chapter.4}% 105
\BOOKMARK [1][-]{section.4.92}{\376\377\0004\000.\0009\0002\000\040\000m\000a\000p\000s\000p\000a\000c\000e\000:\000:\000R\000e\000s\000i\000d\000u\000a\000l\000I\000n\000d\000e\000x\000F\000a\000c\000t\000o\000r\000i\000z\000a\000t\000i\000o\000n\000S\000p\000a\000c\000e\000\040\000C\000l\000a\000s\000s\000\040\000R\000e\000f\000e\000r\000e\000n\000c\000e}{chapter.4}% 106
\BOOKMARK [1][-]{section.4.93}{\376\377\0004\000.\0009\0003\000\040\000m\000a\000p\000s\000p\000a\000c\000e\000:\000:\000R\000u\000b\000y\000\040\000C\000l\000a\000s\000s\000\040\000R\000e\000f\000e\000r\000e\000n\000c\000e}{chapter.4}% 107
\BOOKMARK [1][-]{section.4.94}{\376\377\0004\000.\0009\0004\000\040\000m\000a\000p\000s\000p\000a\000c\000e\000:\000:\000R\000u\000b\000y\000P\000e\000r\000m\000u\000t\000a\000t\000i\000o\000n\000S\000p\000a\000c\000e\000\040\000C\000l\000a\000s\000s\000\040\000R\000e\000f\000e\000r\000e\000n\000c\000e}{chapter.4}% 108
\BOOKMARK [1][-]{section.4.95}{\376\377\0004\000.\0009\0005\000\040\000p\000r\000o\000b\000l\000e\000m\000:\000:\000R\000u\000n\000L\000e\000n\000g\000t\000h\000E\000n\000c\000o\000d\000i\000n\000g\000\040\000C\000l\000a\000s\000s\000\040\000R\000e\000f\000e\000r\000e\000n\000c\000e}{chapter.4}% 109
\BOOKMARK [1][-]{section.4.96}{\376\377\0004\000.\0009\0006\000\040\000s\000e\000a\000r\000c\000h\000:\000:\000S\000e\000a\000r\000c\000h\000A\000l\000g\000o\000r\000i\000t\000h\000m\000\040\000C\000l\000a\000s\000s\000\040\000R\000e\000f\000e\000r\000e\000n\000c\000e}{chapter.4}% 110
\BOOKMARK [1][-]{section.4.97}{\376\377\0004\000.\0009\0007\000\040\000S\000e\000q\000u\000e\000n\000c\000e\000G\000e\000n\000e\000r\000a\000t\000o\000r\0001\0002\0008\000\040\000C\000l\000a\000s\000s\000\040\000R\000e\000f\000e\000r\000e\000n\000c\000e}{chapter.4}% 111
\BOOKMARK [1][-]{section.4.98}{\376\377\0004\000.\0009\0008\000\040\000s\000p\000a\000r\000s\000e\000:\000:\000S\000e\000t\000O\000f\000O\000p\000e\000r\000a\000t\000i\000o\000n\000S\000p\000a\000c\000e\000s\000\040\000S\000t\000r\000u\000c\000t\000\040\000R\000e\000f\000e\000r\000e\000n\000c\000e}{chapter.4}% 112
\BOOKMARK [1][-]{section.4.99}{\376\377\0004\000.\0009\0009\000\040\000p\000r\000o\000b\000l\000e\000m\000:\000:\000S\000h\000a\000p\000e\000\040\000C\000l\000a\000s\000s\000\040\000R\000e\000f\000e\000r\000e\000n\000c\000e}{chapter.4}% 113
\BOOKMARK [1][-]{section.4.100}{\376\377\0004\000.\0001\0000\0000\000\040\000m\000o\000d\000e\000l\000:\000:\000S\000i\000m\000p\000l\000e\000M\000u\000l\000t\000i\000c\000a\000s\000t\000N\000e\000t\000w\000o\000r\000k\000\040\000C\000l\000a\000s\000s\000\040\000R\000e\000f\000e\000r\000e\000n\000c\000e}{chapter.4}% 114
\BOOKMARK [1][-]{section.4.101}{\376\377\0004\000.\0001\0000\0001\000\040\000l\000o\000o\000p\000:\000:\000N\000e\000s\000t\000:\000:\000S\000k\000e\000w\000D\000e\000s\000c\000r\000i\000p\000t\000o\000r\000\040\000S\000t\000r\000u\000c\000t\000\040\000R\000e\000f\000e\000r\000e\000n\000c\000e}{chapter.4}% 115
\BOOKMARK [1][-]{section.4.102}{\376\377\0004\000.\0001\0000\0002\000\040\000s\000p\000a\000r\000s\000e\000:\000:\000S\000p\000a\000r\000s\000e\000A\000n\000a\000l\000y\000s\000i\000s\000S\000t\000a\000t\000e\000\040\000S\000t\000r\000u\000c\000t\000\040\000R\000e\000f\000e\000r\000e\000n\000c\000e}{chapter.4}% 116
\BOOKMARK [1][-]{section.4.103}{\376\377\0004\000.\0001\0000\0003\000\040\000s\000p\000a\000r\000s\000e\000:\000:\000S\000p\000a\000r\000s\000e\000O\000p\000t\000i\000m\000i\000z\000a\000t\000i\000o\000n\000I\000n\000f\000o\000\040\000S\000t\000r\000u\000c\000t\000\040\000R\000e\000f\000e\000r\000e\000n\000c\000e}{chapter.4}% 117
\BOOKMARK [1][-]{section.4.104}{\376\377\0004\000.\0001\0000\0004\000\040\000s\000p\000a\000r\000s\000e\000:\000:\000S\000p\000a\000t\000i\000a\000l\000E\000x\000p\000a\000n\000s\000i\000o\000n\000\040\000S\000t\000r\000u\000c\000t\000\040\000R\000e\000f\000e\000r\000e\000n\000c\000e}{chapter.4}% 118
\BOOKMARK [1][-]{section.4.105}{\376\377\0004\000.\0001\0000\0005\000\040\000m\000a\000p\000s\000p\000a\000c\000e\000:\000:\000S\000p\000a\000t\000i\000a\000l\000S\000p\000l\000i\000t\000S\000p\000a\000c\000e\000\040\000C\000l\000a\000s\000s\000\040\000R\000e\000f\000e\000r\000e\000n\000c\000e}{chapter.4}% 119
\BOOKMARK [1][-]{section.4.106}{\376\377\0004\000.\0001\0000\0006\000\040\000m\000o\000d\000e\000l\000:\000:\000T\000o\000p\000o\000l\000o\000g\000y\000:\000:\000S\000p\000e\000c\000s\000\040\000C\000l\000a\000s\000s\000\040\000R\000e\000f\000e\000r\000e\000n\000c\000e}{chapter.4}% 120
\BOOKMARK [1][-]{section.4.107}{\376\377\0004\000.\0001\0000\0007\000\040\000p\000r\000o\000b\000l\000e\000m\000:\000:\000C\000o\000o\000r\000d\000i\000n\000a\000t\000e\000P\000a\000y\000l\000o\000a\000d\000:\000:\000S\000p\000e\000c\000s\000\040\000S\000t\000r\000u\000c\000t\000\040\000R\000e\000f\000e\000r\000e\000n\000c\000e}{chapter.4}% 121
\BOOKMARK [1][-]{section.4.108}{\376\377\0004\000.\0001\0000\0008\000\040\000p\000r\000o\000b\000l\000e\000m\000:\000:\000U\000n\000c\000o\000m\000p\000r\000e\000s\000s\000e\000d\000B\000i\000t\000m\000a\000s\000k\000:\000:\000S\000p\000e\000c\000s\000\040\000S\000t\000r\000u\000c\000t\000\040\000R\000e\000f\000e\000r\000e\000n\000c\000e}{chapter.4}% 122
\BOOKMARK [1][-]{section.4.109}{\376\377\0004\000.\0001\0000\0009\000\040\000m\000o\000d\000e\000l\000:\000:\000S\000i\000m\000p\000l\000e\000M\000u\000l\000t\000i\000c\000a\000s\000t\000N\000e\000t\000w\000o\000r\000k\000:\000:\000S\000p\000e\000c\000s\000\040\000S\000t\000r\000u\000c\000t\000\040\000R\000e\000f\000e\000r\000e\000n\000c\000e}{chapter.4}% 123
\BOOKMARK [1][-]{section.4.110}{\376\377\0004\000.\0001\0001\0000\000\040\000m\000o\000d\000e\000l\000:\000:\000R\000e\000d\000u\000c\000t\000i\000o\000n\000T\000r\000e\000e\000N\000e\000t\000w\000o\000r\000k\000:\000:\000S\000p\000e\000c\000s\000\040\000S\000t\000r\000u\000c\000t\000\040\000R\000e\000f\000e\000r\000e\000n\000c\000e}{chapter.4}% 124
\BOOKMARK [1][-]{section.4.111}{\376\377\0004\000.\0001\0001\0001\000\040\000m\000o\000d\000e\000l\000:\000:\000E\000n\000g\000i\000n\000e\000:\000:\000S\000p\000e\000c\000s\000\040\000S\000t\000r\000u\000c\000t\000\040\000R\000e\000f\000e\000r\000e\000n\000c\000e}{chapter.4}% 125
\BOOKMARK [1][-]{section.4.112}{\376\377\0004\000.\0001\0001\0002\000\040\000p\000r\000o\000b\000l\000e\000m\000:\000:\000F\000i\000x\000e\000d\000S\000t\000r\000u\000c\000t\000u\000r\000e\000d\000D\000i\000s\000t\000r\000i\000b\000u\000t\000i\000o\000n\000:\000:\000S\000p\000e\000c\000s\000\040\000S\000t\000r\000u\000c\000t\000\040\000R\000e\000f\000e\000r\000e\000n\000c\000e}{chapter.4}% 126
\BOOKMARK [1][-]{section.4.113}{\376\377\0004\000.\0001\0001\0003\000\040\000p\000r\000o\000b\000l\000e\000m\000:\000:\000U\000n\000c\000o\000m\000p\000r\000e\000s\000s\000e\000d\000O\000f\000f\000s\000e\000t\000P\000a\000i\000r\000:\000:\000S\000p\000e\000c\000s\000\040\000S\000t\000r\000u\000c\000t\000\040\000R\000e\000f\000e\000r\000e\000n\000c\000e}{chapter.4}% 127
\BOOKMARK [1][-]{section.4.114}{\376\377\0004\000.\0001\0001\0004\000\040\000p\000r\000o\000b\000l\000e\000m\000:\000:\000R\000u\000n\000L\000e\000n\000g\000t\000h\000E\000n\000c\000o\000d\000i\000n\000g\000:\000:\000S\000p\000e\000c\000s\000\040\000S\000t\000r\000u\000c\000t\000\040\000R\000e\000f\000e\000r\000e\000n\000c\000e}{chapter.4}% 128
\BOOKMARK [1][-]{section.4.115}{\376\377\0004\000.\0001\0001\0005\000\040\000m\000o\000d\000e\000l\000:\000:\000L\000e\000g\000a\000c\000y\000N\000e\000t\000w\000o\000r\000k\000:\000:\000S\000p\000e\000c\000s\000\040\000S\000t\000r\000u\000c\000t\000\040\000R\000e\000f\000e\000r\000e\000n\000c\000e}{chapter.4}% 129
\BOOKMARK [1][-]{section.4.116}{\376\377\0004\000.\0001\0001\0006\000\040\000m\000o\000d\000e\000l\000:\000:\000B\000u\000f\000f\000e\000r\000L\000e\000v\000e\000l\000:\000:\000S\000p\000e\000c\000s\000\040\000S\000t\000r\000u\000c\000t\000\040\000R\000e\000f\000e\000r\000e\000n\000c\000e}{chapter.4}% 130
\BOOKMARK [1][-]{section.4.117}{\376\377\0004\000.\0001\0001\0007\000\040\000p\000r\000o\000b\000l\000e\000m\000:\000:\000B\000i\000t\000m\000a\000s\000k\000:\000:\000S\000p\000e\000c\000s\000\040\000S\000t\000r\000u\000c\000t\000\040\000R\000e\000f\000e\000r\000e\000n\000c\000e}{chapter.4}% 131
\BOOKMARK [1][-]{section.4.118}{\376\377\0004\000.\0001\0001\0008\000\040\000p\000r\000o\000b\000l\000e\000m\000:\000:\000B\000a\000n\000d\000e\000d\000D\000i\000s\000t\000r\000i\000b\000u\000t\000i\000o\000n\000:\000:\000S\000p\000e\000c\000s\000\040\000S\000t\000r\000u\000c\000t\000\040\000R\000e\000f\000e\000r\000e\000n\000c\000e}{chapter.4}% 132
\BOOKMARK [1][-]{section.4.119}{\376\377\0004\000.\0001\0001\0009\000\040\000p\000r\000o\000b\000l\000e\000m\000:\000:\000H\000y\000p\000e\000r\000g\000e\000o\000m\000e\000t\000r\000i\000c\000D\000i\000s\000t\000r\000i\000b\000u\000t\000i\000o\000n\000:\000:\000S\000p\000e\000c\000s\000\040\000S\000t\000r\000u\000c\000t\000\040\000R\000e\000f\000e\000r\000e\000n\000c\000e}{chapter.4}% 133
\BOOKMARK [1][-]{section.4.120}{\376\377\0004\000.\0001\0002\0000\000\040\000m\000o\000d\000e\000l\000:\000:\000A\000r\000i\000t\000h\000m\000e\000t\000i\000c\000U\000n\000i\000t\000s\000:\000:\000S\000p\000e\000c\000s\000\040\000S\000t\000r\000u\000c\000t\000\040\000R\000e\000f\000e\000r\000e\000n\000c\000e}{chapter.4}% 134
\BOOKMARK [1][-]{section.4.121}{\376\377\0004\000.\0001\0002\0001\000\040\000M\000a\000p\000p\000e\000r\000T\000h\000r\000e\000a\000d\000:\000:\000S\000t\000a\000t\000s\000\040\000S\000t\000r\000u\000c\000t\000\040\000R\000e\000f\000e\000r\000e\000n\000c\000e}{chapter.4}% 135
\BOOKMARK [1][-]{section.4.122}{\376\377\0004\000.\0001\0002\0002\000\040\000m\000o\000d\000e\000l\000:\000:\000B\000u\000f\000f\000e\000r\000L\000e\000v\000e\000l\000:\000:\000S\000t\000a\000t\000s\000\040\000S\000t\000r\000u\000c\000t\000\040\000R\000e\000f\000e\000r\000e\000n\000c\000e}{chapter.4}% 136
\BOOKMARK [1][-]{section.4.123}{\376\377\0004\000.\0001\0002\0003\000\040\000m\000o\000d\000e\000l\000:\000:\000T\000o\000p\000o\000l\000o\000g\000y\000:\000:\000S\000t\000a\000t\000s\000\040\000S\000t\000r\000u\000c\000t\000\040\000R\000e\000f\000e\000r\000e\000n\000c\000e}{chapter.4}% 137
\BOOKMARK [1][-]{section.4.124}{\376\377\0004\000.\0001\0002\0004\000\040\000m\000o\000d\000e\000l\000:\000:\000S\000i\000m\000p\000l\000e\000M\000u\000l\000t\000i\000c\000a\000s\000t\000N\000e\000t\000w\000o\000r\000k\000:\000:\000S\000t\000a\000t\000s\000\040\000S\000t\000r\000u\000c\000t\000\040\000R\000e\000f\000e\000r\000e\000n\000c\000e}{chapter.4}% 138
\BOOKMARK [1][-]{section.4.125}{\376\377\0004\000.\0001\0002\0005\000\040\000m\000o\000d\000e\000l\000:\000:\000L\000e\000g\000a\000c\000y\000N\000e\000t\000w\000o\000r\000k\000:\000:\000S\000t\000a\000t\000s\000\040\000S\000t\000r\000u\000c\000t\000\040\000R\000e\000f\000e\000r\000e\000n\000c\000e}{chapter.4}% 139
\BOOKMARK [1][-]{section.4.126}{\376\377\0004\000.\0001\0002\0006\000\040\000A\000p\000p\000l\000i\000c\000a\000t\000i\000o\000n\000:\000:\000S\000t\000a\000t\000s\000\040\000S\000t\000r\000u\000c\000t\000\040\000R\000e\000f\000e\000r\000e\000n\000c\000e}{chapter.4}% 140
\BOOKMARK [1][-]{section.4.127}{\376\377\0004\000.\0001\0002\0007\000\040\000m\000o\000d\000e\000l\000:\000:\000R\000e\000d\000u\000c\000t\000i\000o\000n\000T\000r\000e\000e\000N\000e\000t\000w\000o\000r\000k\000:\000:\000S\000t\000a\000t\000s\000\040\000S\000t\000r\000u\000c\000t\000\040\000R\000e\000f\000e\000r\000e\000n\000c\000e}{chapter.4}% 141
\BOOKMARK [1][-]{section.4.128}{\376\377\0004\000.\0001\0002\0008\000\040\000m\000a\000p\000s\000p\000a\000c\000e\000:\000:\000S\000t\000a\000t\000u\000s\000\040\000S\000t\000r\000u\000c\000t\000\040\000R\000e\000f\000e\000r\000e\000n\000c\000e}{chapter.4}% 142
\BOOKMARK [1][-]{section.4.129}{\376\377\0004\000.\0001\0002\0009\000\040\000T\000a\000g\000g\000e\000d\000B\000o\000u\000n\000d\000<\000\040\000K\000\040\000>\000\040\000S\000t\000r\000u\000c\000t\000\040\000T\000e\000m\000p\000l\000a\000t\000e\000\040\000R\000e\000f\000e\000r\000e\000n\000c\000e}{chapter.4}% 143
\BOOKMARK [1][-]{section.4.130}{\376\377\0004\000.\0001\0003\0000\000\040\000l\000o\000o\000p\000:\000:\000N\000e\000s\000t\000:\000:\000S\000k\000e\000w\000D\000e\000s\000c\000r\000i\000p\000t\000o\000r\000:\000:\000T\000e\000r\000m\000\040\000S\000t\000r\000u\000c\000t\000\040\000R\000e\000f\000e\000r\000e\000n\000c\000e}{chapter.4}% 144
\BOOKMARK [1][-]{section.4.131}{\376\377\0004\000.\0001\0003\0001\000\040\000m\000o\000d\000e\000l\000:\000:\000T\000o\000p\000o\000l\000o\000g\000y\000\040\000C\000l\000a\000s\000s\000\040\000R\000e\000f\000e\000r\000e\000n\000c\000e}{chapter.4}% 145
\BOOKMARK [1][-]{section.4.132}{\376\377\0004\000.\0001\0003\0002\000\040\000m\000a\000p\000s\000p\000a\000c\000e\000:\000:\000U\000b\000e\000r\000\040\000C\000l\000a\000s\000s\000\040\000R\000e\000f\000e\000r\000e\000n\000c\000e}{chapter.4}% 146
\BOOKMARK [1][-]{section.4.133}{\376\377\0004\000.\0001\0003\0003\000\040\000p\000r\000o\000b\000l\000e\000m\000:\000:\000U\000n\000c\000o\000m\000p\000r\000e\000s\000s\000e\000d\000B\000i\000t\000m\000a\000s\000k\000\040\000C\000l\000a\000s\000s\000\040\000R\000e\000f\000e\000r\000e\000n\000c\000e}{chapter.4}% 147
\BOOKMARK [1][-]{section.4.134}{\376\377\0004\000.\0001\0003\0004\000\040\000p\000r\000o\000b\000l\000e\000m\000:\000:\000U\000n\000c\000o\000m\000p\000r\000e\000s\000s\000e\000d\000O\000f\000f\000s\000e\000t\000P\000a\000i\000r\000\040\000C\000l\000a\000s\000s\000\040\000R\000e\000f\000e\000r\000e\000n\000c\000e}{chapter.4}% 148
\BOOKMARK [1][-]{section.4.135}{\376\377\0004\000.\0001\0003\0005\000\040\000p\000r\000o\000b\000l\000e\000m\000:\000:\000W\000o\000r\000k\000l\000o\000a\000d\000\040\000C\000l\000a\000s\000s\000\040\000R\000e\000f\000e\000r\000e\000n\000c\000e}{chapter.4}% 149
\BOOKMARK [0][-]{section*.323}{\376\377\000I\000n\000d\000e\000x}{}% 150
